{"message":"API running at http://localhost:3001","level":"info"}
{"message":"MongoDB connected successfully","level":"info"}
{"message":"Store running at http://localhost:3000","level":"info"}
{"message":"Successfully connected to mongodb://127.0.0.1:27017/shop","level":"info"}
{"message":"- Added token with email: bgluame@gmail.com","level":"info"}
{"message":"- Set domain: http://localhost:3000","level":"info"}
{"message":"Store running at http://localhost:3000","level":"info"}
{"message":"Store running at http://localhost:3000","level":"info"}
{"message":"API running at http://localhost:3001","level":"info"}
{"message":"MongoDB connected successfully","level":"info"}
{"message":"Store running at http://localhost:3000","level":"info"}
{"message":"API running at http://localhost:3001","level":"info"}
{"message":"MongoDB connected successfully","level":"info"}
{"message":"Store running at http://localhost:3000","level":"info"}
{"message":"API running at http://localhost:3001","level":"info"}
{"message":"MongoDB connected successfully","level":"info"}
{"message":"Store running at http://localhost:3000","level":"info"}
{"message":"Installing theme...","level":"info"}
{"message":"Installing theme failed","level":"error"}
{"message":"Error: ENOENT: no such file or directory, open '/home/dimon/cezerin2/theme/settings/en.json'","level":"error"}
{"message":"Installing theme...","level":"info"}
{"message":"Installing theme failed","level":"error"}
{"message":"API running at http://localhost:3001","level":"info"}
{"message":"MongoDB connected successfully","level":"info"}
{"message":"Store running at http://localhost:3000","level":"info"}
{"errno":-111,"code":"ECONNECTION","syscall":"connect","address":"127.0.0.1","port":465,"command":"CONN","level":"error","message":"Email send failedconnect ECONNREFUSED 127.0.0.1:465","stack":"Error: connect ECONNREFUSED 127.0.0.1:465\n    at TCPConnectWrap.afterConnect [as oncomplete] (net.js:1146:16)"}
{"message":"API running at http://localhost:3001","level":"info"}
{"message":"MongoDB connected successfully","level":"info"}
{"message":"Store running at http://localhost:3000","level":"info"}
{"message":"API running at http://localhost:3001","level":"info"}
{"message":"MongoDB connected successfully","level":"info"}
{"message":"Store running at http://localhost:3000","level":"info"}
{"message":"API running at http://localhost:3001","level":"info"}
{"message":"MongoDB connected successfully","level":"info"}
{"message":"API running at http://localhost:3001","level":"info"}
{"message":"MongoDB connected successfully","level":"info"}
{"message":"API running at http://localhost:3001","level":"info"}
{"message":"MongoDB connected successfully","level":"info"}
{"message":"Store running at http://localhost:3000","level":"info"}
{"message":"API running at http://localhost:3001","level":"info"}
{"message":"MongoDB connected successfully","level":"info"}
{"message":"Store running at http://localhost:3000","level":"info"}
{"message":"API running at http://localhost:3001","level":"info"}
{"message":"MongoDB connected successfully","level":"info"}
{"message":"Store running at http://localhost:3000","level":"info"}
{"message":"API running at http://localhost:3001","level":"info"}
{"message":"MongoDB connected successfully","level":"info"}
{"message":"Store running at http://localhost:3000","level":"info"}
